\BOOKMARK [0][-]{chapter*.1}{Abstract}{}% 1
\BOOKMARK [0][-]{chapter.1}{Introduction}{}% 2
\BOOKMARK [1][-]{section.1.1}{Idealization and generality in ecology}{chapter.1}% 3
\BOOKMARK [1][-]{section.1.2}{Coexistence of eco-variants in diverse contexts}{chapter.1}% 4
\BOOKMARK [2][-]{subsection.1.2.1}{Alternative Reproductive Tactics}{section.1.2}% 5
\BOOKMARK [2][-]{subsection.1.2.2}{Trophic resource polymorphisms}{section.1.2}% 6
\BOOKMARK [2][-]{subsection.1.2.3}{Mating types in isogamous species}{section.1.2}% 7
\BOOKMARK [2][-]{subsection.1.2.4}{Phenotypic clustering and sympatric speciation}{section.1.2}% 8
\BOOKMARK [0][-]{chapter.2}{Adaptive diversification: a crash course}{}% 9
\BOOKMARK [1][-]{section.2.1}{Adaptive diversification}{chapter.2}% 10
\BOOKMARK [2][-]{subsection.2.1.1}{The `classic' adaptive dynamics approach}{section.2.1}% 11
\BOOKMARK [2][-]{subsection.2.1.2}{The PDE approach}{section.2.1}% 12
\BOOKMARK [2][-]{subsection.2.1.3}{Stochastic individual-based models}{section.2.1}% 13
\BOOKMARK [1][-]{section.2.2}{Demographic stochasticity and stochastic models}{chapter.2}% 14
\BOOKMARK [1][-]{section.2.3}{Diversity in multi-dimensional trait space}{chapter.2}% 15
\BOOKMARK [1][-]{section.2.4}{The importance of being finite \(and stochastic\)}{chapter.2}% 16
\BOOKMARK [0][-]{chapter.3}{Population dynamics from stochastic first principles}{}% 17
\BOOKMARK [1][-]{section.3.1}{Background and motivation}{chapter.3}% 18
\BOOKMARK [2][-]{subsection.3.1.1}{Birth-death processes}{section.3.1}% 19
\BOOKMARK [2][-]{subsection.3.1.2}{SDEs and the Fokker-Planck equation}{section.3.1}% 20
\BOOKMARK [2][-]{subsection.3.1.3}{Density-dependence and the intuition for system-size expansions in ecology}{section.3.1}% 21
\BOOKMARK [2][-]{subsection.3.1.4}{The intuition for the weak noise approximation in ecology}{section.3.1}% 22
\BOOKMARK [1][-]{section.3.2}{One-dimensional processes for population size}{chapter.3}% 23
\BOOKMARK [2][-]{subsection.3.2.1}{Description of the process and the Master Equation}{section.3.2}% 24
\BOOKMARK [2][-]{subsection.3.2.2}{The system-size expansion}{section.3.2}% 25
\BOOKMARK [2][-]{subsection.3.2.3}{Stochastic fluctuations and the weak noise approximation}{section.3.2}% 26
\BOOKMARK [1][-]{section.3.3}{Multi-dimensional processes for discrete traits}{chapter.3}% 27
\BOOKMARK [2][-]{subsection.3.3.1}{Description of the process and the Master Equation}{section.3.3}% 28
\BOOKMARK [2][-]{subsection.3.3.2}{The system-size expansion}{section.3.3}% 29
\BOOKMARK [2][-]{subsection.3.3.3}{The deterministic limit}{section.3.3}% 30
\BOOKMARK [3][-]{subsubsection*.8}{Some familiar faces: Replicator-mutator, quasispecies equation, and the Price equation}{subsection.3.3.3}% 31
\BOOKMARK [2][-]{subsection.3.3.4}{Stochastic fluctuations and the weak noise approximation}{section.3.3}% 32
\BOOKMARK [1][-]{section.3.4}{Infinite-dimensional processes for quantitative traits}{chapter.3}% 33
\BOOKMARK [2][-]{subsection.3.4.1}{Description of the process and the Master Equation}{section.3.4}% 34
\BOOKMARK [2][-]{subsection.3.4.2}{The functional system-size expansion}{section.3.4}% 35
\BOOKMARK [2][-]{subsection.3.4.3}{The deterministic limit}{section.3.4}% 36
\BOOKMARK [3][-]{subsubsection*.10}{Some familiar faces: Kimura-Crow and adaptive dynamics}{subsection.3.4.3}% 37
\BOOKMARK [2][-]{subsection.3.4.4}{Stochastic fluctuations and the weak noise approximation}{section.3.4}% 38
\BOOKMARK [1][-]{section.3.5}{Summary}{chapter.3}% 39
\BOOKMARK [0][-]{chapter.4}{Examples and Applications}{}% 40
\BOOKMARK [1][-]{section.4.1}{Example in one dimension: The stochastic logistic equation}{chapter.4}% 41
\BOOKMARK [1][-]{section.4.2}{Example for discrete traits: Lotka-Volterra and matrix games in finite populations}{chapter.4}% 42
\BOOKMARK [1][-]{section.4.3}{Example for quantitative traits}{chapter.4}% 43
\BOOKMARK [2][-]{subsection.4.3.1}{Interlude: Detecting clusters through Fourier analysis}{section.4.3}% 44
\BOOKMARK [2][-]{subsection.4.3.2}{An example: The quantitative logistic equation}{section.4.3}% 45
\BOOKMARK [0][-]{section*.14}{Appendices}{}% 46
\BOOKMARK [0][-]{appendix.1.A}{Relation between Ito SDEs and Fokker-Planck equations}{}% 47
